[debug] [2022-12-30T15:05:42.332Z] ----------------------------------------------------------------------
[debug] [2022-12-30T15:05:42.335Z] Command:       C:\Program Files\nodejs\node.exe C:\Users\mdibr\AppData\Roaming\npm\node_modules\firebase-tools\lib\bin\firebase.js init
[debug] [2022-12-30T15:05:42.336Z] CLI Version:   11.16.1
[debug] [2022-12-30T15:05:42.336Z] Platform:      win32
[debug] [2022-12-30T15:05:42.336Z] Node Version:  v16.14.0
[debug] [2022-12-30T15:05:42.342Z] Time:          Fri Dec 30 2022 21:05:42 GMT+0600 (Bangladesh Standard Time)
[debug] [2022-12-30T15:05:42.343Z] ----------------------------------------------------------------------
[debug] 
[debug] [2022-12-30T15:05:42.349Z] >>> [apiv2][query] GET https://firebase-public.firebaseio.com/cli.json [none]
[debug] [2022-12-30T15:05:42.379Z] > command requires scopes: ["email","openid","https://www.googleapis.com/auth/cloudplatformprojects.readonly","https://www.googleapis.com/auth/firebase","https://www.googleapis.com/auth/cloud-platform"]
[debug] [2022-12-30T15:05:42.380Z] > authorizing via signed-in user (ibrahimfr4450@gmail.com)
[info] 
     ######## #### ########  ######## ########     ###     ######  ########
     ##        ##  ##     ## ##       ##     ##  ##   ##  ##       ##
     ######    ##  ########  ######   ########  #########  ######  ######
     ##        ##  ##    ##  ##       ##     ## ##     ##       ## ##
     ##       #### ##     ## ######## ########  ##     ##  ######  ########

You're about to initialize a Firebase project in this directory:

  C:\Users\mdibr\Downloads\purple-media-client

[debug] [2022-12-30T15:05:44.835Z] <<< [apiv2][status] GET https://firebase-public.firebaseio.com/cli.json 200
[debug] [2022-12-30T15:05:44.836Z] <<< [apiv2][body] GET https://firebase-public.firebaseio.com/cli.json {"cloudBuildErrorAfter":1594252800000,"cloudBuildWarnAfter":1590019200000,"defaultNode10After":1594252800000,"minVersion":"3.0.5","node8DeploysDisabledAfter":1613390400000,"node8RuntimeDisabledAfter":1615809600000,"node8WarnAfter":1600128000000}
[info] 
=== Project Setup
[info] 
[info] First, let's associate this project directory with a Firebase project.
[info] You can create multiple project aliases by running firebase use --add, 
[info] but for now we'll just set up a default project.
[info] 
[debug] [2022-12-30T15:06:19.103Z] > refreshing access token with scopes: []
[debug] [2022-12-30T15:06:19.106Z] >>> [apiv2][query] POST https://www.googleapis.com/oauth2/v3/token [none]
[debug] [2022-12-30T15:06:19.106Z] >>> [apiv2][body] POST https://www.googleapis.com/oauth2/v3/token [omitted]
[debug] [2022-12-30T15:06:19.811Z] <<< [apiv2][status] POST https://www.googleapis.com/oauth2/v3/token 200
[debug] [2022-12-30T15:06:19.811Z] <<< [apiv2][body] POST https://www.googleapis.com/oauth2/v3/token [omitted]
[debug] [2022-12-30T15:06:19.835Z] >>> [apiv2][query] GET https://firebase.googleapis.com/v1beta1/projects pageSize=100
[debug] [2022-12-30T15:06:21.493Z] <<< [apiv2][status] GET https://firebase.googleapis.com/v1beta1/projects 200
[debug] [2022-12-30T15:06:21.493Z] <<< [apiv2][body] GET https://firebase.googleapis.com/v1beta1/projects [omitted]
[info] i  Using project dragon-news-client-367e4 (dragon-news-client) 
[info] 
=== Hosting Setup
[info] 
[info] Your public directory is the folder (relative to your project directory) that
[info] will contain Hosting assets to be uploaded with firebase deploy. If you
[info] have a build process for your assets, use your build's output directory.
[info] 
[debug] [2022-12-30T15:07:31.747Z] ----------------------------------------------------------------------
[debug] [2022-12-30T15:07:31.750Z] Command:       C:\Program Files\nodejs\node.exe C:\Users\mdibr\AppData\Roaming\npm\node_modules\firebase-tools\lib\bin\firebase.js init
[debug] [2022-12-30T15:07:31.751Z] CLI Version:   11.16.1
[debug] [2022-12-30T15:07:31.751Z] Platform:      win32
[debug] [2022-12-30T15:07:31.751Z] Node Version:  v16.14.0
[debug] [2022-12-30T15:07:31.754Z] Time:          Fri Dec 30 2022 21:07:31 GMT+0600 (Bangladesh Standard Time)
[debug] [2022-12-30T15:07:31.755Z] ----------------------------------------------------------------------
[debug] 
[debug] [2022-12-30T15:07:31.766Z] > command requires scopes: ["email","openid","https://www.googleapis.com/auth/cloudplatformprojects.readonly","https://www.googleapis.com/auth/firebase","https://www.googleapis.com/auth/cloud-platform"]
[debug] [2022-12-30T15:07:31.767Z] > authorizing via signed-in user (ibrahimfr4450@gmail.com)
[info] 
     ######## #### ########  ######## ########     ###     ######  ########
     ##        ##  ##     ## ##       ##     ##  ##   ##  ##       ##
     ######    ##  ########  ######   ########  #########  ######  ######
     ##        ##  ##    ##  ##       ##     ## ##     ##       ## ##
     ##       #### ##     ## ######## ########  ##     ##  ######  ########

You're about to initialize a Firebase project in this directory:

  C:\Users\mdibr\Downloads\purple-media-client

[info] 
=== Project Setup
[info] 
[info] First, let's associate this project directory with a Firebase project.
[info] You can create multiple project aliases by running firebase use --add, 
[info] but for now we'll just set up a default project.
[info] 
[debug] [2022-12-30T15:07:50.886Z] >>> [apiv2][query] GET https://firebase.googleapis.com/v1beta1/projects pageSize=100
[debug] [2022-12-30T15:07:52.129Z] <<< [apiv2][status] GET https://firebase.googleapis.com/v1beta1/projects 200
[debug] [2022-12-30T15:07:52.130Z] <<< [apiv2][body] GET https://firebase.googleapis.com/v1beta1/projects [omitted]
